{"C:\\Users\\ammar\\OneDrive\\Desktop\\Random Builds\\node.js\\holiday-api\\src\\cache.js": {"path":"C:\\Users\\ammar\\OneDrive\\Desktop\\Random Builds\\node.js\\holiday-api\\src\\cache.js","statementMap":{"0":{"start":{"line":1,"column":18},"end":{"line":1,"column":39}},"1":{"start":{"line":2,"column":15},"end":{"line":2,"column":41}},"2":{"start":{"line":4,"column":14},"end":{"line":4,"column":56}},"3":{"start":{"line":6,"column":0},"end":{"line":6,"column":23}}},"fnMap":{},"branchMap":{},"s":{"0":1,"1":1,"2":1,"3":1},"f":{},"b":{},"_coverageSchema":"1a1c01bbd47fc00a2c39e90264f33305004495a9","hash":"9293ae7c4ce5084f07d350ab02edbd6097429061"}
,"C:\\Users\\ammar\\OneDrive\\Desktop\\Random Builds\\node.js\\holiday-api\\src\\index.js": {"path":"C:\\Users\\ammar\\OneDrive\\Desktop\\Random Builds\\node.js\\holiday-api\\src\\index.js","statementMap":{"0":{"start":{"line":1,"column":16},"end":{"line":1,"column":34}},"1":{"start":{"line":2,"column":23},"end":{"line":2,"column":51}},"2":{"start":{"line":3,"column":24},"end":{"line":3,"column":53}},"3":{"start":{"line":5,"column":12},"end":{"line":5,"column":21}},"4":{"start":{"line":6,"column":13},"end":{"line":6,"column":37}},"5":{"start":{"line":8,"column":0},"end":{"line":8,"column":32}},"6":{"start":{"line":9,"column":0},"end":{"line":9,"column":33}},"7":{"start":{"line":11,"column":0},"end":{"line":13,"column":3}},"8":{"start":{"line":12,"column":4},"end":{"line":12,"column":50}}},"fnMap":{"0":{"name":"(anonymous_0)","decl":{"start":{"line":11,"column":17},"end":{"line":11,"column":18}},"loc":{"start":{"line":11,"column":23},"end":{"line":13,"column":1}},"line":11}},"branchMap":{"0":{"loc":{"start":{"line":6,"column":13},"end":{"line":6,"column":37}},"type":"binary-expr","locations":[{"start":{"line":6,"column":13},"end":{"line":6,"column":29}},{"start":{"line":6,"column":33},"end":{"line":6,"column":37}}],"line":6}},"s":{"0":0,"1":0,"2":0,"3":0,"4":0,"5":0,"6":0,"7":0,"8":0},"f":{"0":0},"b":{"0":[0,0]}}
,"C:\\Users\\ammar\\OneDrive\\Desktop\\Random Builds\\node.js\\holiday-api\\src\\config\\config.js": {"path":"C:\\Users\\ammar\\OneDrive\\Desktop\\Random Builds\\node.js\\holiday-api\\src\\config\\config.js","statementMap":{"0":{"start":{"line":1,"column":0},"end":{"line":1,"column":27}},"1":{"start":{"line":3,"column":0},"end":{"line":7,"column":2}}},"fnMap":{},"branchMap":{"0":{"loc":{"start":{"line":6,"column":14},"end":{"line":6,"column":44}},"type":"binary-expr","locations":[{"start":{"line":6,"column":14},"end":{"line":6,"column":35}},{"start":{"line":6,"column":39},"end":{"line":6,"column":44}}],"line":6}},"s":{"0":3,"1":3},"f":{},"b":{"0":[3,0]},"_coverageSchema":"1a1c01bbd47fc00a2c39e90264f33305004495a9","hash":"bf3c589b9a3e049d76665a81ff79223750ad1736"}
,"C:\\Users\\ammar\\OneDrive\\Desktop\\Random Builds\\node.js\\holiday-api\\src\\routes\\countries.js": {"path":"C:\\Users\\ammar\\OneDrive\\Desktop\\Random Builds\\node.js\\holiday-api\\src\\routes\\countries.js","statementMap":{"0":{"start":{"line":1,"column":16},"end":{"line":1,"column":34}},"1":{"start":{"line":2,"column":28},"end":{"line":2,"column":70}},"2":{"start":{"line":3,"column":18},"end":{"line":3,"column":39}},"3":{"start":{"line":5,"column":15},"end":{"line":5,"column":31}},"4":{"start":{"line":6,"column":14},"end":{"line":6,"column":29}},"5":{"start":{"line":8,"column":0},"end":{"line":43,"column":3}},"6":{"start":{"line":9,"column":21},"end":{"line":9,"column":32}},"7":{"start":{"line":10,"column":23},"end":{"line":10,"column":42}},"8":{"start":{"line":12,"column":4},"end":{"line":14,"column":5}},"9":{"start":{"line":13,"column":8},"end":{"line":13,"column":48}},"10":{"start":{"line":16,"column":4},"end":{"line":42,"column":5}},"11":{"start":{"line":17,"column":26},"end":{"line":17,"column":66}},"12":{"start":{"line":19,"column":8},"end":{"line":21,"column":9}},"13":{"start":{"line":20,"column":12},"end":{"line":20,"column":80}},"14":{"start":{"line":23,"column":8},"end":{"line":23,"column":39}},"15":{"start":{"line":24,"column":8},"end":{"line":24,"column":40}},"16":{"start":{"line":26,"column":8},"end":{"line":41,"column":9}},"17":{"start":{"line":27,"column":12},"end":{"line":30,"column":15}},"18":{"start":{"line":31,"column":15},"end":{"line":41,"column":9}},"19":{"start":{"line":32,"column":12},"end":{"line":35,"column":15}},"20":{"start":{"line":37,"column":12},"end":{"line":40,"column":15}},"21":{"start":{"line":45,"column":0},"end":{"line":45,"column":24}}},"fnMap":{"0":{"name":"(anonymous_0)","decl":{"start":{"line":8,"column":25},"end":{"line":8,"column":26}},"loc":{"start":{"line":8,"column":45},"end":{"line":43,"column":1}},"line":8}},"branchMap":{"0":{"loc":{"start":{"line":12,"column":4},"end":{"line":14,"column":5}},"type":"if","locations":[{"start":{"line":12,"column":4},"end":{"line":14,"column":5}},{"start":{},"end":{}}],"line":12},"1":{"loc":{"start":{"line":19,"column":8},"end":{"line":21,"column":9}},"type":"if","locations":[{"start":{"line":19,"column":8},"end":{"line":21,"column":9}},{"start":{},"end":{}}],"line":19},"2":{"loc":{"start":{"line":19,"column":12},"end":{"line":19,"column":63}},"type":"binary-expr","locations":[{"start":{"line":19,"column":12},"end":{"line":19,"column":37}},{"start":{"line":19,"column":41},"end":{"line":19,"column":63}}],"line":19},"3":{"loc":{"start":{"line":26,"column":8},"end":{"line":41,"column":9}},"type":"if","locations":[{"start":{"line":26,"column":8},"end":{"line":41,"column":9}},{"start":{"line":31,"column":15},"end":{"line":41,"column":9}}],"line":26},"4":{"loc":{"start":{"line":29,"column":23},"end":{"line":29,"column":67}},"type":"binary-expr","locations":[{"start":{"line":29,"column":23},"end":{"line":29,"column":50}},{"start":{"line":29,"column":54},"end":{"line":29,"column":67}}],"line":29},"5":{"loc":{"start":{"line":31,"column":15},"end":{"line":41,"column":9}},"type":"if","locations":[{"start":{"line":31,"column":15},"end":{"line":41,"column":9}},{"start":{"line":36,"column":15},"end":{"line":41,"column":9}}],"line":31}},"s":{"0":1,"1":1,"2":1,"3":1,"4":1,"5":1,"6":4,"7":4,"8":4,"9":1,"10":3,"11":3,"12":2,"13":1,"14":1,"15":1,"16":1,"17":0,"18":1,"19":0,"20":1,"21":1},"f":{"0":4},"b":{"0":[1,3],"1":[1,1],"2":[2,2],"3":[0,1],"4":[0,0],"5":[0,1]},"_coverageSchema":"1a1c01bbd47fc00a2c39e90264f33305004495a9","hash":"a50cf6ff5d06c30ce7de0e41e1ad478f8a0ecaff"}
,"C:\\Users\\ammar\\OneDrive\\Desktop\\Random Builds\\node.js\\holiday-api\\src\\routes\\holidays.js": {"path":"C:\\Users\\ammar\\OneDrive\\Desktop\\Random Builds\\node.js\\holiday-api\\src\\routes\\holidays.js","statementMap":{"0":{"start":{"line":1,"column":16},"end":{"line":1,"column":34}},"1":{"start":{"line":2,"column":15},"end":{"line":2,"column":31}},"2":{"start":{"line":3,"column":28},"end":{"line":3,"column":70}},"3":{"start":{"line":4,"column":14},"end":{"line":4,"column":33}},"4":{"start":{"line":6,"column":21},"end":{"line":6,"column":35}},"5":{"start":{"line":8,"column":0},"end":{"line":67,"column":3}},"6":{"start":{"line":9,"column":28},"end":{"line":9,"column":37}},"7":{"start":{"line":10,"column":21},"end":{"line":10,"column":41}},"8":{"start":{"line":12,"column":4},"end":{"line":14,"column":5}},"9":{"start":{"line":13,"column":8},"end":{"line":13,"column":40}},"10":{"start":{"line":16,"column":4},"end":{"line":20,"column":5}},"11":{"start":{"line":17,"column":8},"end":{"line":19,"column":11}},"12":{"start":{"line":22,"column":4},"end":{"line":26,"column":5}},"13":{"start":{"line":23,"column":8},"end":{"line":25,"column":11}},"14":{"start":{"line":28,"column":4},"end":{"line":32,"column":5}},"15":{"start":{"line":29,"column":8},"end":{"line":31,"column":11}},"16":{"start":{"line":34,"column":4},"end":{"line":36,"column":5}},"17":{"start":{"line":35,"column":8},"end":{"line":35,"column":57}},"18":{"start":{"line":38,"column":4},"end":{"line":66,"column":5}},"19":{"start":{"line":39,"column":25},"end":{"line":39,"column":77}},"20":{"start":{"line":41,"column":8},"end":{"line":45,"column":9}},"21":{"start":{"line":42,"column":12},"end":{"line":44,"column":15}},"22":{"start":{"line":47,"column":8},"end":{"line":47,"column":38}},"23":{"start":{"line":48,"column":8},"end":{"line":48,"column":39}},"24":{"start":{"line":50,"column":8},"end":{"line":65,"column":9}},"25":{"start":{"line":51,"column":12},"end":{"line":54,"column":15}},"26":{"start":{"line":55,"column":15},"end":{"line":65,"column":9}},"27":{"start":{"line":56,"column":12},"end":{"line":59,"column":15}},"28":{"start":{"line":61,"column":12},"end":{"line":64,"column":15}},"29":{"start":{"line":69,"column":0},"end":{"line":69,"column":24}}},"fnMap":{"0":{"name":"(anonymous_0)","decl":{"start":{"line":8,"column":24},"end":{"line":8,"column":25}},"loc":{"start":{"line":8,"column":44},"end":{"line":67,"column":1}},"line":8}},"branchMap":{"0":{"loc":{"start":{"line":12,"column":4},"end":{"line":14,"column":5}},"type":"if","locations":[{"start":{"line":12,"column":4},"end":{"line":14,"column":5}},{"start":{},"end":{}}],"line":12},"1":{"loc":{"start":{"line":16,"column":4},"end":{"line":20,"column":5}},"type":"if","locations":[{"start":{"line":16,"column":4},"end":{"line":20,"column":5}},{"start":{},"end":{}}],"line":16},"2":{"loc":{"start":{"line":16,"column":8},"end":{"line":16,"column":25}},"type":"binary-expr","locations":[{"start":{"line":16,"column":8},"end":{"line":16,"column":16}},{"start":{"line":16,"column":20},"end":{"line":16,"column":25}}],"line":16},"3":{"loc":{"start":{"line":22,"column":4},"end":{"line":26,"column":5}},"type":"if","locations":[{"start":{"line":22,"column":4},"end":{"line":26,"column":5}},{"start":{},"end":{}}],"line":22},"4":{"loc":{"start":{"line":28,"column":4},"end":{"line":32,"column":5}},"type":"if","locations":[{"start":{"line":28,"column":4},"end":{"line":32,"column":5}},{"start":{},"end":{}}],"line":28},"5":{"loc":{"start":{"line":34,"column":4},"end":{"line":36,"column":5}},"type":"if","locations":[{"start":{"line":34,"column":4},"end":{"line":36,"column":5}},{"start":{},"end":{}}],"line":34},"6":{"loc":{"start":{"line":41,"column":8},"end":{"line":45,"column":9}},"type":"if","locations":[{"start":{"line":41,"column":8},"end":{"line":45,"column":9}},{"start":{},"end":{}}],"line":41},"7":{"loc":{"start":{"line":50,"column":8},"end":{"line":65,"column":9}},"type":"if","locations":[{"start":{"line":50,"column":8},"end":{"line":65,"column":9}},{"start":{"line":55,"column":15},"end":{"line":65,"column":9}}],"line":50},"8":{"loc":{"start":{"line":53,"column":23},"end":{"line":53,"column":67}},"type":"binary-expr","locations":[{"start":{"line":53,"column":23},"end":{"line":53,"column":50}},{"start":{"line":53,"column":54},"end":{"line":53,"column":67}}],"line":53},"9":{"loc":{"start":{"line":55,"column":15},"end":{"line":65,"column":9}},"type":"if","locations":[{"start":{"line":55,"column":15},"end":{"line":65,"column":9}},{"start":{"line":60,"column":15},"end":{"line":65,"column":9}}],"line":55}},"s":{"0":1,"1":1,"2":1,"3":1,"4":1,"5":1,"6":4,"7":4,"8":4,"9":4,"10":4,"11":1,"12":3,"13":0,"14":3,"15":1,"16":2,"17":0,"18":2,"19":2,"20":1,"21":0,"22":1,"23":1,"24":1,"25":0,"26":1,"27":0,"28":1,"29":1},"f":{"0":4},"b":{"0":[4,0],"1":[1,3],"2":[4,4],"3":[0,3],"4":[1,2],"5":[0,2],"6":[0,1],"7":[0,1],"8":[0,0],"9":[0,1]},"_coverageSchema":"1a1c01bbd47fc00a2c39e90264f33305004495a9","hash":"627e8b5f645373bd31fca3678b5d26aad303ba5a"}
,"C:\\Users\\ammar\\OneDrive\\Desktop\\Random Builds\\node.js\\holiday-api\\src\\services\\calendarificService.js": {"path":"C:\\Users\\ammar\\OneDrive\\Desktop\\Random Builds\\node.js\\holiday-api\\src\\services\\calendarificService.js","statementMap":{"0":{"start":{"line":1,"column":14},"end":{"line":1,"column":30}},"1":{"start":{"line":2,"column":15},"end":{"line":2,"column":42}},"2":{"start":{"line":4,"column":20},"end":{"line":8,"column":1}},"3":{"start":{"line":5,"column":16},"end":{"line":5,"column":100}},"4":{"start":{"line":6,"column":21},"end":{"line":6,"column":41}},"5":{"start":{"line":7,"column":4},"end":{"line":7,"column":43}},"6":{"start":{"line":10,"column":21},"end":{"line":14,"column":1}},"7":{"start":{"line":11,"column":16},"end":{"line":11,"column":69}},"8":{"start":{"line":12,"column":21},"end":{"line":12,"column":41}},"9":{"start":{"line":13,"column":4},"end":{"line":13,"column":44}},"10":{"start":{"line":16,"column":0},"end":{"line":19,"column":2}}},"fnMap":{"0":{"name":"(anonymous_0)","decl":{"start":{"line":4,"column":20},"end":{"line":4,"column":21}},"loc":{"start":{"line":4,"column":45},"end":{"line":8,"column":1}},"line":4},"1":{"name":"(anonymous_1)","decl":{"start":{"line":10,"column":21},"end":{"line":10,"column":22}},"loc":{"start":{"line":10,"column":33},"end":{"line":14,"column":1}},"line":10}},"branchMap":{},"s":{"0":2,"1":2,"2":2,"3":0,"4":0,"5":0,"6":2,"7":0,"8":0,"9":0,"10":2},"f":{"0":0,"1":0},"b":{},"_coverageSchema":"1a1c01bbd47fc00a2c39e90264f33305004495a9","hash":"e8b092ed1d35b34646e1f01c90850cc3cbbbb633"}
}
