TN:
SF:src\cache.js
FNF:0
FNH:0
DA:1,1
DA:2,1
DA:4,1
DA:6,1
LF:4
LH:4
BRF:0
BRH:0
end_of_record
TN:
SF:src\index.js
FN:11,(anonymous_0)
FNF:1
FNH:0
FNDA:0,(anonymous_0)
DA:1,0
DA:2,0
DA:3,0
DA:5,0
DA:6,0
DA:8,0
DA:9,0
DA:11,0
DA:12,0
LF:9
LH:0
BRDA:6,0,0,0
BRDA:6,0,1,0
BRF:2
BRH:0
end_of_record
TN:
SF:src\config\config.js
FNF:0
FNH:0
DA:1,3
DA:3,3
LF:2
LH:2
BRDA:6,0,0,3
BRDA:6,0,1,0
BRF:2
BRH:1
end_of_record
TN:
SF:src\routes\countries.js
FN:8,(anonymous_0)
FNF:1
FNH:1
FNDA:4,(anonymous_0)
DA:1,1
DA:2,1
DA:3,1
DA:5,1
DA:6,1
DA:8,1
DA:9,4
DA:10,4
DA:12,4
DA:13,1
DA:16,3
DA:17,3
DA:19,2
DA:20,1
DA:23,1
DA:24,1
DA:26,1
DA:27,0
DA:31,1
DA:32,0
DA:37,1
DA:45,1
LF:22
LH:20
BRDA:12,0,0,1
BRDA:12,0,1,3
BRDA:19,1,0,1
BRDA:19,1,1,1
BRDA:19,2,0,2
BRDA:19,2,1,2
BRDA:26,3,0,0
BRDA:26,3,1,1
BRDA:29,4,0,0
BRDA:29,4,1,0
BRDA:31,5,0,0
BRDA:31,5,1,1
BRF:12
BRH:8
end_of_record
TN:
SF:src\routes\holidays.js
FN:8,(anonymous_0)
FNF:1
FNH:1
FNDA:4,(anonymous_0)
DA:1,1
DA:2,1
DA:3,1
DA:4,1
DA:6,1
DA:8,1
DA:9,4
DA:10,4
DA:12,4
DA:13,4
DA:16,4
DA:17,1
DA:22,3
DA:23,0
DA:28,3
DA:29,1
DA:34,2
DA:35,0
DA:38,2
DA:39,2
DA:41,1
DA:42,0
DA:47,1
DA:48,1
DA:50,1
DA:51,0
DA:55,1
DA:56,0
DA:61,1
DA:69,1
LF:30
LH:25
BRDA:12,0,0,4
BRDA:12,0,1,0
BRDA:16,1,0,1
BRDA:16,1,1,3
BRDA:16,2,0,4
BRDA:16,2,1,4
BRDA:22,3,0,0
BRDA:22,3,1,3
BRDA:28,4,0,1
BRDA:28,4,1,2
BRDA:34,5,0,0
BRDA:34,5,1,2
BRDA:41,6,0,0
BRDA:41,6,1,1
BRDA:50,7,0,0
BRDA:50,7,1,1
BRDA:53,8,0,0
BRDA:53,8,1,0
BRDA:55,9,0,0
BRDA:55,9,1,1
BRF:20
BRH:12
end_of_record
TN:
SF:src\services\calendarificService.js
FN:4,(anonymous_0)
FN:10,(anonymous_1)
FNF:2
FNH:0
FNDA:0,(anonymous_0)
FNDA:0,(anonymous_1)
DA:1,2
DA:2,2
DA:4,2
DA:5,0
DA:6,0
DA:7,0
DA:10,2
DA:11,0
DA:12,0
DA:13,0
DA:16,2
LF:11
LH:5
BRF:0
BRH:0
end_of_record
